2019-01-06 22:44:13,264 [      0]   INFO -        #com.intellij.idea.Main - ------------------------------------------------------ IDE STARTED ------------------------------------------------------ 
2019-01-06 22:44:13,287 [     23]   INFO -        #com.intellij.idea.Main - IDE: IntelliJ IDEA (build #IC-183.4886.37, 17 Dec 2018 11:13) 
2019-01-06 22:44:13,287 [     23]   INFO -        #com.intellij.idea.Main - OS: Linux (4.15.0-43-generic, amd64) 
2019-01-06 22:44:13,287 [     23]   INFO -        #com.intellij.idea.Main - JRE: 1.8.0_152-release-1343-b26 (JetBrains s.r.o) 
2019-01-06 22:44:13,287 [     23]   INFO -        #com.intellij.idea.Main - JVM: 25.152-b26 (OpenJDK 64-Bit Server VM) 
2019-01-06 22:44:13,289 [     25]   INFO -        #com.intellij.idea.Main - JVM Args: -Didea.classpath.index.enabled=false -Didea.config.path=/home/aishwarya/Dev/kafka-tools-plugin/build/idea-sandbox/config -Didea.is.internal=true -Didea.platform.prefix=Idea -Didea.plugins.path=/home/aishwarya/Dev/kafka-tools-plugin/build/idea-sandbox/plugins -Didea.required.plugins.id=com.jetbrains.kafka-tool -Didea.system.path=/home/aishwarya/Dev/kafka-tools-plugin/build/idea-sandbox/system -Dsun.awt.disablegrab=true -agentlib:jdwp=transport=dt_socket,server=n,suspend=y,address=42451 -XX:MaxPermSize=250m -Xms256m -Xmx512m -Dfile.encoding=UTF-8 -Duser.country=US -Duser.language=en -Duser.variant -ea 
2019-01-06 22:44:13,289 [     25]   INFO -        #com.intellij.idea.Main - ext: /home/aishwarya/.gradle/caches/modules-2/files-2.1/com.jetbrains/jbre/jbrex8u152b1343.26_linux_x64/jre/lib/ext: [localedata.jar, sunec.jar, jaccess.jar, nashorn.jar, sunpkcs11.jar, meta-index, sunjce_provider.jar, zipfs.jar, jfxrt.jar, dnsns.jar, cldrdata.jar] 
2019-01-06 22:44:13,289 [     25]   INFO -        #com.intellij.idea.Main - charsets: JNU=UTF-8 file=UTF-8 
2019-01-06 22:44:13,303 [     39]   INFO -        #com.intellij.idea.Main - JNA library (64-bit) loaded in 13 ms 
2019-01-06 22:44:15,152 [   1888]   INFO -     #com.intellij.util.ui.JBUI - System scale factor: 1.0 (IDE-managed HiDPI) 
2019-01-06 22:44:15,152 [   1888]   INFO -     #com.intellij.util.ui.JBUI - User scale factor: 1.0 
2019-01-06 22:44:15,577 [   2313]   INFO - .intellij.idea.IdeaApplication - CPU cores: 8; ForkJoinPool.commonPool: java.util.concurrent.ForkJoinPool@650388d6[Running, parallelism = 7, size = 0, active = 0, running = 0, steals = 0, tasks = 0, submissions = 0]; factory: com.intellij.concurrency.IdeaForkJoinWorkerThreadFactory@55dcbae1 
2019-01-06 22:44:15,612 [   2348]   INFO - .intellij.idea.IdeaApplication - WM detected: Compiz 
2019-01-06 22:44:16,000 [   2736]   INFO - llij.ide.plugins.PluginManager - Cannot find optional descriptor duplicates-groovy.xml 
2019-01-06 22:44:16,524 [   3260]   INFO - llij.ide.plugins.PluginManager - 36 plugins initialized in 752 ms 
2019-01-06 22:44:16,525 [   3261]   INFO - llij.ide.plugins.PluginManager - Loaded bundled plugins: Android Support (10.3.1.2), Ant Support (1.0), Bytecode Viewer (0.1), CVS Integration (11), Copyright (8.1), Coverage (183.4886.37), Eclipse Integration (3.0), EditorConfig (183.4886.37), Git Integration (8.1), GitHub (183.4886.37), Gradle (183.4886.37), Groovy (9.0), I18n for Java (183.4886.37), IDEA CORE (183.4886.37), IntelliJ Configuration Script (183.4886.37), IntelliLang (8.0), JUnit (1.0), Java Bytecode Decompiler (183.4886.37), Java Stream Debugger (183.4886.37), JavaFX (1.0), Kotlin (1.3.10-release-IJ2018.3-1), Maven Integration (183.4886.37), Mercurial Integration (10.0), Plugin DevKit (1.0), Properties Support (183.4886.37), Settings Repository (183.4886.37), Smali Support (1.0), Subversion Integration (1.1), Task Management (1.0), Terminal (0.1), TestNG-J (8.0), UI Designer (183.4886.37), XPathView + XSLT Support (4), XSLT-Debugger (1.4), YAML (183.4886.37) 
2019-01-06 22:44:16,525 [   3261]   INFO - llij.ide.plugins.PluginManager - Loaded custom plugins: Kafka Tool (1.0-SNAPSHOT) 
2019-01-06 22:44:17,529 [   4265]   INFO - ellij.vfs.persistent.FSRecords - Marking VFS as corrupted: '/home/aishwarya/Dev/kafka-tools-plugin/build/idea-sandbox/system/caches/names.dat' does not exist 
2019-01-06 22:44:17,530 [   4266]   INFO - ellij.util.io.PagedFileStorage - lower=100; upper=435; buffer=10; max=435 
2019-01-06 22:44:17,555 [   4291]   INFO - pl.local.NativeFileWatcherImpl - Starting file watcher: /home/aishwarya/.gradle/caches/modules-2/files-2.1/com.jetbrains.intellij.idea/ideaIC/2018.3.2/23b321b525e54fefd5a5e47371077a981833fb37/ideaIC-2018.3.2/bin/linux/fsnotifier64 
2019-01-06 22:44:17,564 [   4300]   INFO - pl.local.NativeFileWatcherImpl - Native file watcher is operational. 
2019-01-06 22:44:18,061 [   4797]   INFO - .history.utils.LocalHistoryLog - local history version mismatch (was: 0, expected: 6), rebuilding... 
2019-01-06 22:44:18,061 [   4797]   INFO - .history.utils.LocalHistoryLog - FS has been rebuild, rebuilding local history... 
2019-01-06 22:44:18,451 [   5187]   INFO - j.ide.ui.OptionsTopHitProvider - 153 ms spent to cache options in application 
2019-01-06 22:44:18,451 [   5187]   INFO - .openapi.application.Preloader - com.intellij.ide.ui.OptionsTopHitProvider$Activity took 152 ms 
2019-01-06 22:44:18,474 [   5210]   INFO - til.net.ssl.CertificateManager - Default SSL context initialized 
2019-01-06 22:44:18,500 [   5236]   INFO - rains.ide.BuiltInServerManager - built-in server started, port 63343 
2019-01-06 22:44:18,596 [   5332]   INFO - gs.impl.UpdateCheckerComponent - channel: release 
2019-01-06 22:44:18,989 [   5725]   INFO - il.indexing.FileBasedIndexImpl - Index exts enumerated:324, number of extensions:49 
2019-01-06 22:44:19,001 [   5737]   INFO - il.indexing.FileBasedIndexImpl - Index scheduled:12 
2019-01-06 22:44:19,050 [   5786]   INFO - tellij.psi.stubs.StubIndexImpl - All stub exts enumerated:46, number of extensions:50 
2019-01-06 22:44:19,051 [   5787]   INFO - tellij.psi.stubs.StubIndexImpl - stub exts update scheduled:0 
2019-01-06 22:44:19,656 [   6392]   INFO - ij.psi.stubs.StubUpdatingIndex - Following new file types will be indexed:KJSM,XML,DGM File Type,Kotlin,HTML,Groovy,kotlin_builtins,CLASS,KNM,JAVA,Properties 
2019-01-06 22:44:20,137 [   6873]   INFO - pl$FileIndexDataInitialization - Initialization done:1136 
2019-01-06 22:44:20,261 [   6997]   INFO - exImpl$StubIndexInitialization - Initialization done:123 
2019-01-06 22:44:20,487 [   7223]   INFO - plication.impl.ApplicationImpl - 85 application components initialized in 4718ms 
2019-01-06 22:44:20,495 [   7231]   INFO - .intellij.idea.IdeaApplication - App initialization took 7805 ms 
2019-01-06 22:44:20,496 [   7232]   INFO - llij.ide.plugins.PluginManager - org.jetbrains.kotlin loaded 1095 classes 
2019-01-06 22:44:20,497 [   7233]   INFO - llij.ide.plugins.PluginManager - org.intellij.groovy loaded 374 classes 
2019-01-06 22:44:20,497 [   7233]   INFO - llij.ide.plugins.PluginManager - org.jetbrains.android loaded 290 classes 
2019-01-06 22:44:20,497 [   7233]   INFO - llij.ide.plugins.PluginManager - org.jetbrains.idea.maven loaded 59 classes 
2019-01-06 22:44:20,497 [   7233]   INFO - llij.ide.plugins.PluginManager - CVS loaded 45 classes 
2019-01-06 22:44:20,497 [   7233]   INFO - llij.ide.plugins.PluginManager - com.intellij.properties loaded 33 classes 
2019-01-06 22:44:20,497 [   7233]   INFO - llij.ide.plugins.PluginManager - org.jetbrains.settingsRepository loaded 31 classes 
2019-01-06 22:44:20,497 [   7233]   INFO - llij.ide.plugins.PluginManager - com.intellij.uiDesigner loaded 27 classes 
2019-01-06 22:44:20,497 [   7233]   INFO - llij.ide.plugins.PluginManager - Git4Idea loaded 26 classes 
2019-01-06 22:44:20,497 [   7233]   INFO - llij.ide.plugins.PluginManager - Subversion loaded 24 classes 
2019-01-06 22:44:20,497 [   7233]   INFO - llij.ide.plugins.PluginManager - XPathView loaded 24 classes 
2019-01-06 22:44:20,497 [   7233]   INFO - llij.ide.plugins.PluginManager - hg4idea loaded 24 classes 
2019-01-06 22:44:20,497 [   7233]   INFO - llij.ide.plugins.PluginManager - org.jetbrains.plugins.yaml loaded 22 classes 
2019-01-06 22:44:20,497 [   7233]   INFO - llij.ide.plugins.PluginManager - org.editorconfig.editorconfigjetbrains loaded 19 classes 
2019-01-06 22:44:20,497 [   7233]   INFO - llij.ide.plugins.PluginManager - com.intellij.tasks loaded 17 classes 
2019-01-06 22:44:20,497 [   7233]   INFO - llij.ide.plugins.PluginManager - AntSupport loaded 17 classes 
2019-01-06 22:44:20,497 [   7233]   INFO - llij.ide.plugins.PluginManager - org.jetbrains.plugins.javaFX loaded 14 classes 
2019-01-06 22:44:20,497 [   7233]   INFO - llij.ide.plugins.PluginManager - org.jetbrains.plugins.github loaded 11 classes 
2019-01-06 22:44:20,497 [   7233]   INFO - llij.ide.plugins.PluginManager - DevKit loaded 9 classes 
2019-01-06 22:44:20,497 [   7233]   INFO - llij.ide.plugins.PluginManager - org.jetbrains.plugins.gradle loaded 9 classes 
2019-01-06 22:44:20,497 [   7233]   INFO - llij.ide.plugins.PluginManager - org.jetbrains.java.decompiler loaded 7 classes 
2019-01-06 22:44:20,497 [   7233]   INFO - llij.ide.plugins.PluginManager - com.android.tools.idea.smali loaded 5 classes 
2019-01-06 22:44:20,497 [   7233]   INFO - llij.ide.plugins.PluginManager - org.intellij.intelliLang loaded 4 classes 
2019-01-06 22:44:20,497 [   7233]   INFO - llij.ide.plugins.PluginManager - org.jetbrains.plugins.terminal loaded 3 classes 
2019-01-06 22:44:20,497 [   7233]   INFO - llij.ide.plugins.PluginManager - com.intellij.copyright loaded 3 classes 
2019-01-06 22:44:20,497 [   7233]   INFO - llij.ide.plugins.PluginManager - org.jetbrains.idea.eclipse loaded 2 classes 
2019-01-06 22:44:20,497 [   7233]   INFO - llij.ide.plugins.PluginManager - ByteCodeViewer loaded 2 classes 
2019-01-06 22:44:20,497 [   7233]   INFO - llij.ide.plugins.PluginManager - Coverage loaded 1 classes 
2019-01-06 22:44:20,497 [   7233]   INFO - llij.ide.plugins.PluginManager - com.intellij.java-i18n loaded 1 classes 
2019-01-06 22:44:20,756 [   7492]   INFO - m.intellij.ui.mac.touchbar.NST - OS doesn't support touchbar, skip nst loading 
2019-01-06 22:44:20,994 [   7730]   INFO - pi.util.registry.RegistryValue - Registry value 'java.completion.argument.hints' has changed to 'false" 
2019-01-06 22:44:20,994 [   7730]   INFO - pi.util.registry.RegistryValue - Registry value 'java.completion.argument.hints.internal' has changed to 'false" 
2019-01-06 22:44:21,029 [   7765]   INFO - com.intellij.ide.ui.UISettings - Loaded: fontSize=12, fontScale=1.0; restored: fontSize=12, fontScale=1.0 
2019-01-06 22:44:21,388 [   8124]   INFO - j.ide.ui.OptionsTopHitProvider - 566 ms spent on EDT to cache options in application 
2019-01-06 22:44:21,913 [   8649]   INFO - .openapi.application.Preloader - com.intellij.openapi.actionSystem.impl.ActionPreloader took 3460 ms 
2019-01-06 22:44:22,943 [   9679]   INFO - .openapi.application.Preloader - com.intellij.ide.ui.search.SearchableOptionPreloader took 1029 ms 
2019-01-06 22:44:23,229 [   9965]   INFO - .openapi.application.Preloader - com.intellij.codeInsight.completion.CompletionPreloader took 285 ms 
2019-01-06 22:44:23,237 [   9973]   INFO - .openapi.application.Preloader - com.intellij.ide.actions.GotoClassPresentationUpdater took 8 ms 
2019-01-06 22:44:38,103 [  24839]   INFO - ellij.project.impl.ProjectImpl - 20 project components initialized in 159 ms 
2019-01-06 22:45:01,672 [  48408]   INFO - CompilerWorkspaceConfiguration - Available processors: 8 
2019-01-06 22:45:01,681 [  48417]   INFO - pl.projectlevelman.NewMappings - VCS Root: [] - [<Project>] 
2019-01-06 22:45:01,682 [  48418]   INFO - pl.projectlevelman.NewMappings - VCS Root: [Git] - [/home/aishwarya/Dev/kafka-streams-examples] 
2019-01-06 22:45:02,089 [  48825]   INFO - ellij.project.impl.ProjectImpl - 160 project components initialized in 894 ms 
2019-01-06 22:45:02,461 [  49197]   INFO - le.impl.ModuleManagerComponent - 1 module(s) loaded in 371 ms 
2019-01-06 22:45:02,618 [  49354]   INFO - j.ide.script.IdeStartupScripts - 0 startup script(s) found 
2019-01-06 22:45:02,809 [  49545]   INFO - rojectCodeStyleSettingsManager - Initialized from default code style settings. 
2019-01-06 22:45:03,669 [  50405]   INFO - ntellij.internal.IconsLoadTime - IMG load time: ide_startup=31.03ms, average=0.69ms, median=0.51ms; number of icons: 45 
2019-01-06 22:45:03,670 [  50406]   INFO - ntellij.internal.IconsLoadTime - SVG load time: ide_startup=173.60ms, average=3.47ms, median=6.47ms; number of icons: 50 
2019-01-06 22:45:03,700 [  50436]   INFO - penapi.project.DumbServiceImpl - Running dumb mode task: com.intellij.util.indexing.UnindexedFilesUpdater@63feb663 
2019-01-06 22:45:04,010 [  50746]   INFO - .diagnostic.PerformanceWatcher - Pushing properties took 308ms; general responsiveness: ok; EDT responsiveness: ok 
2019-01-06 22:45:05,391 [  52127]   INFO - tartup.impl.StartupManagerImpl - OpenFilesActivity run in 1708ms under project opening modal progress 
2019-01-06 22:45:05,463 [  52199]   INFO - ge.ExternalProjectsDataStorage - Loaded external projects data in 7 millis 
2019-01-06 22:45:05,503 [  52239]   INFO - .diagnostic.PerformanceWatcher - Post-startup activities under progress took 1921ms; general responsiveness: ok; EDT responsiveness: 0/2 sluggish, 1/2 very slow 
2019-01-06 22:45:06,596 [  53332]   INFO - lients.producer.ProducerConfig - ProducerConfig values: 
	acks = 1
	batch.size = 16384
	bootstrap.servers = [localhost:9092]
	buffer.memory = 33554432
	client.dns.lookup = default
	client.id = 
	compression.type = none
	connections.max.idle.ms = 540000
	delivery.timeout.ms = 120000
	enable.idempotence = false
	interceptor.classes = []
	key.serializer = class org.apache.kafka.common.serialization.StringSerializer
	linger.ms = 0
	max.block.ms = 250
	max.in.flight.requests.per.connection = 5
	max.request.size = 1048576
	metadata.max.age.ms = 300000
	metric.reporters = []
	metrics.num.samples = 2
	metrics.recording.level = INFO
	metrics.sample.window.ms = 30000
	partitioner.class = class org.apache.kafka.clients.producer.internals.DefaultPartitioner
	receive.buffer.bytes = 32768
	reconnect.backoff.max.ms = 1000
	reconnect.backoff.ms = 50
	request.timeout.ms = 30000
	retries = 2147483647
	retry.backoff.ms = 100
	sasl.client.callback.handler.class = null
	sasl.jaas.config = null
	sasl.kerberos.kinit.cmd = /usr/bin/kinit
	sasl.kerberos.min.time.before.relogin = 60000
	sasl.kerberos.service.name = null
	sasl.kerberos.ticket.renew.jitter = 0.05
	sasl.kerberos.ticket.renew.window.factor = 0.8
	sasl.login.callback.handler.class = null
	sasl.login.class = null
	sasl.login.refresh.buffer.seconds = 300
	sasl.login.refresh.min.period.seconds = 60
	sasl.login.refresh.window.factor = 0.8
	sasl.login.refresh.window.jitter = 0.05
	sasl.mechanism = GSSAPI
	security.protocol = PLAINTEXT
	send.buffer.bytes = 131072
	ssl.cipher.suites = null
	ssl.enabled.protocols = [TLSv1.2, TLSv1.1, TLSv1]
	ssl.endpoint.identification.algorithm = https
	ssl.key.password = null
	ssl.keymanager.algorithm = SunX509
	ssl.keystore.location = null
	ssl.keystore.password = null
	ssl.keystore.type = JKS
	ssl.protocol = TLS
	ssl.provider = null
	ssl.secure.random.implementation = null
	ssl.trustmanager.algorithm = PKIX
	ssl.truststore.location = null
	ssl.truststore.password = null
	ssl.truststore.type = JKS
	transaction.timeout.ms = 60000
	transactional.id = null
	value.serializer = class io.confluent.kafka.serializers.KafkaAvroSerializer
 
2019-01-06 22:45:06,664 [  53400]   INFO - clients.producer.KafkaProducer - [Producer clientId=producer-1] Closing the Kafka producer with timeoutMillis = 0 ms. 
2019-01-06 22:45:06,668 [  53404]  ERROR - .wm.impl.ToolWindowManagerImpl - failed to init toolwindow com.jetbrains.kafka.tool.ui.KafkaToolToolWindow 
org.apache.kafka.common.KafkaException: Failed to construct kafka producer
	at org.apache.kafka.clients.producer.KafkaProducer.<init>(KafkaProducer.java:431)
	at org.apache.kafka.clients.producer.KafkaProducer.<init>(KafkaProducer.java:272)
	at com.jetbrains.kafka.tool.service.KafkaProducerProxy.reset(KafkaProducerProxy.java:39)
	at com.jetbrains.kafka.tool.ui.KafkaProducerComponent.getContent(KafkaProducerComponent.java:92)
	at com.jetbrains.kafka.tool.ui.KafkaToolToolWindow.createToolWindowContent(KafkaToolToolWindow.java:24)
	at com.intellij.openapi.wm.impl.ToolWindowImpl.ensureContentInitialized(ToolWindowImpl.java:530)
	at com.intellij.openapi.wm.impl.ToolWindowManagerImpl.lambda$initToolWindow$8(ToolWindowManagerImpl.java:514)
	at com.intellij.openapi.wm.impl.ToolWindowManagerImpl.initToolWindow(ToolWindowManagerImpl.java:517)
	at com.intellij.openapi.wm.impl.ToolWindowManagerImpl$6.run(ToolWindowManagerImpl.java:469)
	at com.intellij.openapi.wm.impl.CommandProcessor.runNext(CommandProcessor.java:78)
	at com.intellij.openapi.wm.impl.CommandProcessor.run(CommandProcessor.java:59)
	at com.intellij.openapi.wm.impl.commands.FinalizableCommand.finish(FinalizableCommand.java:36)
	at com.intellij.openapi.wm.impl.ToolWindowsPane$AddToolStripeButtonCmd.run(ToolWindowsPane.java:970)
	at com.intellij.openapi.wm.impl.CommandProcessor.runNext(CommandProcessor.java:78)
	at com.intellij.openapi.wm.impl.CommandProcessor.run(CommandProcessor.java:59)
	at com.intellij.openapi.wm.impl.commands.FinalizableCommand.finish(FinalizableCommand.java:36)
	at com.intellij.openapi.wm.impl.ToolWindowsPane$AddToolStripeButtonCmd.run(ToolWindowsPane.java:970)
	at com.intellij.openapi.wm.impl.CommandProcessor.runNext(CommandProcessor.java:78)
	at com.intellij.openapi.wm.impl.CommandProcessor.run(CommandProcessor.java:59)
	at com.intellij.openapi.wm.impl.commands.FinalizableCommand.finish(FinalizableCommand.java:36)
	at com.intellij.openapi.wm.impl.ToolWindowsPane$AddToolStripeButtonCmd.run(ToolWindowsPane.java:970)
	at com.intellij.openapi.wm.impl.CommandProcessor.runNext(CommandProcessor.java:78)
	at com.intellij.openapi.wm.impl.CommandProcessor.run(CommandProcessor.java:59)
	at com.intellij.openapi.wm.impl.commands.FinalizableCommand.finish(FinalizableCommand.java:36)
	at com.intellij.openapi.wm.impl.ToolWindowsPane$AddToolStripeButtonCmd.run(ToolWindowsPane.java:970)
	at com.intellij.openapi.wm.impl.CommandProcessor.runNext(CommandProcessor.java:78)
	at com.intellij.openapi.wm.impl.CommandProcessor.run(CommandProcessor.java:59)
	at com.intellij.openapi.wm.impl.commands.FinalizableCommand.finish(FinalizableCommand.java:36)
	at com.intellij.openapi.wm.impl.ToolWindowsPane$AddToolStripeButtonCmd.run(ToolWindowsPane.java:970)
	at com.intellij.openapi.wm.impl.CommandProcessor.runNext(CommandProcessor.java:78)
	at com.intellij.openapi.wm.impl.CommandProcessor.run(CommandProcessor.java:59)
	at com.intellij.openapi.wm.impl.commands.FinalizableCommand.finish(FinalizableCommand.java:36)
	at com.intellij.openapi.wm.impl.ToolWindowsPane$AddToolStripeButtonCmd.run(ToolWindowsPane.java:970)
	at com.intellij.openapi.wm.impl.CommandProcessor.runNext(CommandProcessor.java:78)
	at com.intellij.openapi.wm.impl.CommandProcessor.run(CommandProcessor.java:59)
	at com.intellij.openapi.wm.impl.commands.FinalizableCommand.finish(FinalizableCommand.java:36)
	at com.intellij.openapi.wm.impl.ToolWindowsPane$AddToolStripeButtonCmd.run(ToolWindowsPane.java:970)
	at com.intellij.openapi.wm.impl.CommandProcessor.runNext(CommandProcessor.java:78)
	at com.intellij.openapi.wm.impl.CommandProcessor.run(CommandProcessor.java:59)
	at com.intellij.openapi.wm.impl.commands.FinalizableCommand.finish(FinalizableCommand.java:36)
	at com.intellij.openapi.wm.impl.ToolWindowsPane$AddToolStripeButtonCmd.run(ToolWindowsPane.java:970)
	at com.intellij.openapi.wm.impl.CommandProcessor.runNext(CommandProcessor.java:78)
	at com.intellij.openapi.wm.impl.CommandProcessor.run(CommandProcessor.java:59)
	at com.intellij.openapi.wm.impl.CommandProcessor.flush(CommandProcessor.java:32)
	at com.intellij.openapi.wm.impl.ToolWindowManagerImpl.flushCommands(ToolWindowManagerImpl.java:600)
	at com.intellij.openapi.wm.impl.ToolWindowManagerImpl.access$3200(ToolWindowManagerImpl.java:69)
	at com.intellij.openapi.wm.impl.ToolWindowManagerImpl$InitToolWindowsActivity.lambda$runActivity$0(ToolWindowManagerImpl.java:2318)
	at java.awt.event.InvocationEvent.dispatch(InvocationEvent.java:311)
	at java.awt.EventQueue.dispatchEventImpl(EventQueue.java:762)
	at java.awt.EventQueue.access$500(EventQueue.java:98)
	at java.awt.EventQueue$3.run(EventQueue.java:715)
	at java.awt.EventQueue$3.run(EventQueue.java:709)
	at java.security.AccessController.doPrivileged(Native Method)
	at java.security.ProtectionDomain$JavaSecurityAccessImpl.doIntersectionPrivilege(ProtectionDomain.java:80)
	at java.awt.EventQueue.dispatchEvent(EventQueue.java:732)
	at com.intellij.ide.IdeEventQueue.defaultDispatchEvent(IdeEventQueue.java:719)
	at com.intellij.ide.IdeEventQueue._dispatchEvent(IdeEventQueue.java:668)
	at com.intellij.ide.IdeEventQueue.dispatchEvent(IdeEventQueue.java:363)
	at java.awt.EventDispatchThread.pumpOneEventForFilters(EventDispatchThread.java:201)
	at java.awt.EventDispatchThread.pumpEventsForFilter(EventDispatchThread.java:116)
	at java.awt.EventDispatchThread.pumpEventsForFilter(EventDispatchThread.java:109)
	at java.awt.WaitDispatchSupport$2.run(WaitDispatchSupport.java:190)
	at java.awt.WaitDispatchSupport$4.run(WaitDispatchSupport.java:235)
	at java.awt.WaitDispatchSupport$4.run(WaitDispatchSupport.java:233)
	at java.security.AccessController.doPrivileged(Native Method)
	at java.awt.WaitDispatchSupport.enter(WaitDispatchSupport.java:233)
	at java.awt.Dialog.show(Dialog.java:1077)
	at com.intellij.openapi.ui.impl.DialogWrapperPeerImpl$MyDialog.show(DialogWrapperPeerImpl.java:698)
	at com.intellij.openapi.ui.impl.DialogWrapperPeerImpl.show(DialogWrapperPeerImpl.java:430)
	at com.intellij.openapi.ui.DialogWrapper.invokeShow(DialogWrapper.java:1681)
	at com.intellij.openapi.ui.DialogWrapper.show(DialogWrapper.java:1630)
	at com.intellij.openapi.progress.util.ProgressDialog.show(ProgressDialog.java:280)
	at com.intellij.openapi.progress.util.ProgressWindow.showDialog(ProgressWindow.java:227)
	at com.intellij.openapi.progress.util.ProgressWindow.lambda$null$1(ProgressWindow.java:160)
	at com.intellij.openapi.application.TransactionGuardImpl$2.run(TransactionGuardImpl.java:315)
	at com.intellij.openapi.application.impl.LaterInvocator$FlushQueue.doRun(LaterInvocator.java:435)
	at com.intellij.openapi.application.impl.LaterInvocator$FlushQueue.runNextEvent(LaterInvocator.java:419)
	at com.intellij.openapi.application.impl.LaterInvocator$FlushQueue.run(LaterInvocator.java:403)
	at java.awt.event.InvocationEvent.dispatch(InvocationEvent.java:311)
	at java.awt.EventQueue.dispatchEventImpl(EventQueue.java:762)
	at java.awt.EventQueue.access$500(EventQueue.java:98)
	at java.awt.EventQueue$3.run(EventQueue.java:715)
	at java.awt.EventQueue$3.run(EventQueue.java:709)
	at java.security.AccessController.doPrivileged(Native Method)
	at java.security.ProtectionDomain$JavaSecurityAccessImpl.doIntersectionPrivilege(ProtectionDomain.java:80)
	at java.awt.EventQueue.dispatchEvent(EventQueue.java:732)
	at com.intellij.ide.IdeEventQueue.defaultDispatchEvent(IdeEventQueue.java:719)
	at com.intellij.ide.IdeEventQueue._dispatchEvent(IdeEventQueue.java:668)
	at com.intellij.ide.IdeEventQueue.dispatchEvent(IdeEventQueue.java:363)
	at com.intellij.ide.IdeEventQueue.pumpEventsForHierarchy(IdeEventQueue.java:776)
	at com.intellij.openapi.progress.util.ProgressWindow.startBlocking(ProgressWindow.java:202)
	at com.intellij.openapi.progress.util.ProgressWindow.startBlocking(ProgressWindow.java:188)
	at com.intellij.openapi.application.impl.ApplicationImpl.runProcessWithProgressSynchronously(ApplicationImpl.java:606)
	at com.intellij.openapi.progress.impl.CoreProgressManager.runProcessWithProgressSynchronously(CoreProgressManager.java:454)
	at com.intellij.openapi.progress.impl.ProgressManagerImpl.runProcessWithProgressSynchronously(ProgressManagerImpl.java:110)
	at com.intellij.openapi.progress.impl.CoreProgressManager.runProcessWithProgressSynchronously(CoreProgressManager.java:251)
	at com.intellij.openapi.progress.impl.CoreProgressManager.runProcessWithProgressSynchronously(CoreProgressManager.java:205)
	at com.intellij.openapi.project.impl.ProjectManagerImpl.loadProjectUnderProgress(ProjectManagerImpl.java:448)
	at com.intellij.openapi.project.impl.ProjectManagerImpl.openProject(ProjectManagerImpl.java:423)
	at com.intellij.projectImport.ProjectOpenProcessorBase.doOpenProject(ProjectOpenProcessorBase.java:236)
	at com.intellij.ide.impl.ProjectUtil.openOrImport(ProjectUtil.java:137)
	at com.intellij.ide.actions.OpenFileAction.doOpenFile(OpenFileAction.java:111)
	at com.intellij.ide.actions.OpenFileAction.lambda$prepareFileChooserAndOpen$1(OpenFileAction.java:66)
	at com.intellij.openapi.fileChooser.ex.FileChooserDialogImpl.choose(FileChooserDialogImpl.java:145)
	at com.intellij.openapi.fileChooser.FileChooser.chooseFiles(FileChooser.java:114)
	at com.intellij.openapi.fileChooser.FileChooser.chooseFiles(FileChooser.java:91)
	at com.intellij.ide.actions.OpenFileAction.prepareFileChooserAndOpen(OpenFileAction.java:58)
	at com.intellij.ide.actions.OpenFileAction.lambda$actionPerformed$0(OpenFileAction.java:44)
	at com.intellij.openapi.application.TransactionGuardImpl$2.run(TransactionGuardImpl.java:315)
	at com.intellij.openapi.application.impl.LaterInvocator$FlushQueue.doRun(LaterInvocator.java:435)
	at com.intellij.openapi.application.impl.LaterInvocator$FlushQueue.runNextEvent(LaterInvocator.java:419)
	at com.intellij.openapi.application.impl.LaterInvocator$FlushQueue.run(LaterInvocator.java:403)
	at java.awt.event.InvocationEvent.dispatch(InvocationEvent.java:311)
	at java.awt.EventQueue.dispatchEventImpl(EventQueue.java:762)
	at java.awt.EventQueue.access$500(EventQueue.java:98)
	at java.awt.EventQueue$3.run(EventQueue.java:715)
	at java.awt.EventQueue$3.run(EventQueue.java:709)
	at java.security.AccessController.doPrivileged(Native Method)
	at java.security.ProtectionDomain$JavaSecurityAccessImpl.doIntersectionPrivilege(ProtectionDomain.java:80)
	at java.awt.EventQueue.dispatchEvent(EventQueue.java:732)
	at com.intellij.ide.IdeEventQueue.defaultDispatchEvent(IdeEventQueue.java:719)
	at com.intellij.ide.IdeEventQueue._dispatchEvent(IdeEventQueue.java:668)
	at com.intellij.ide.IdeEventQueue.dispatchEvent(IdeEventQueue.java:363)
	at java.awt.EventDispatchThread.pumpOneEventForFilters(EventDispatchThread.java:201)
	at java.awt.EventDispatchThread.pumpEventsForFilter(EventDispatchThread.java:116)
	at java.awt.EventDispatchThread.pumpEventsForHierarchy(EventDispatchThread.java:105)
	at java.awt.EventDispatchThread.pumpEvents(EventDispatchThread.java:101)
	at java.awt.EventDispatchThread.pumpEvents(EventDispatchThread.java:93)
	at java.awt.EventDispatchThread.run(EventDispatchThread.java:82)
Caused by: java.lang.NoClassDefFoundError: io/confluent/common/config/ConfigException
	at java.lang.Class.getDeclaredConstructors0(Native Method)
	at java.lang.Class.privateGetDeclaredConstructors(Class.java:2671)
	at java.lang.Class.getConstructor0(Class.java:3075)
	at java.lang.Class.getDeclaredConstructor(Class.java:2178)
	at org.apache.kafka.common.utils.Utils.newInstance(Utils.java:308)
	at org.apache.kafka.common.config.AbstractConfig.getConfiguredInstance(AbstractConfig.java:302)
	at org.apache.kafka.clients.producer.KafkaProducer.<init>(KafkaProducer.java:369)
	... 128 more
Caused by: java.lang.ClassNotFoundException: io.confluent.common.config.ConfigException PluginClassLoader[com.jetbrains.kafka-tool, 1.0-SNAPSHOT] com.intellij.ide.plugins.cl.PluginClassLoader@2a7ae899
	at com.intellij.ide.plugins.cl.PluginClassLoader.loadClass(PluginClassLoader.java:49)
	at java.lang.ClassLoader.loadClass(ClassLoader.java:357)
	... 135 more
2019-01-06 22:45:06,671 [  53407]  ERROR - .wm.impl.ToolWindowManagerImpl - IntelliJ IDEA 2018.3.2  Build #IC-183.4886.37 
2019-01-06 22:45:06,672 [  53408]  ERROR - .wm.impl.ToolWindowManagerImpl - JDK: 1.8.0_152-release; VM: OpenJDK 64-Bit Server VM; Vendor: JetBrains s.r.o 
2019-01-06 22:45:06,672 [  53408]  ERROR - .wm.impl.ToolWindowManagerImpl - OS: Linux 
2019-01-06 22:45:06,676 [  53412]  ERROR - .wm.impl.ToolWindowManagerImpl - Plugin to blame: Kafka Tool version: 1.0-SNAPSHOT 
2019-01-06 22:45:06,677 [  53413]  ERROR - .wm.impl.ToolWindowManagerImpl - Last Action: WelcomeScreen.OpenProject 
2019-01-06 22:45:07,664 [  54400]   INFO - tartup.impl.StartupManagerImpl - /home/aishwarya/Dev/kafka-streams-examples/.idea case-sensitivity: expected=true actual=true 
2019-01-06 22:45:07,994 [  54730]   INFO -  #git4idea.commands.GitHandler - [.] git version 
2019-01-06 22:45:08,008 [  54744]   INFO -  #git4idea.commands.GitHandler - git version 2.7.4 
2019-01-06 22:45:08,018 [  54754]   INFO - ea.config.GitExecutableManager - Git version for /usr/bin/git : 2.7.4 
2019-01-06 22:45:08,195 [  54931]   INFO - pl.projectlevelman.NewMappings - VCS Root: [Git] - [/home/aishwarya/Dev/kafka-streams-examples] 
2019-01-06 22:45:08,666 [  55402]   WARN - com.intellij.util.xmlb.Binding - no accessors for class org.jetbrains.kotlin.idea.highlighter.KotlinDefaultHighlightingSettingsProvider 
2019-01-06 22:45:08,812 [  55548]   INFO - tor.impl.FileEditorManagerImpl - Project opening took 7625 ms 
2019-01-06 22:45:08,812 [  55548]   INFO - llij.ide.plugins.PluginManager - org.jetbrains.kotlin loaded 1507 classes 
2019-01-06 22:45:08,812 [  55548]   INFO - llij.ide.plugins.PluginManager - org.jetbrains.android loaded 1332 classes 
2019-01-06 22:45:08,812 [  55548]   INFO - llij.ide.plugins.PluginManager - com.jetbrains.kafka-tool loaded 980 classes 
2019-01-06 22:45:08,812 [  55548]   INFO - llij.ide.plugins.PluginManager - org.intellij.groovy loaded 628 classes 
2019-01-06 22:45:08,812 [  55548]   INFO - llij.ide.plugins.PluginManager - org.jetbrains.idea.maven loaded 323 classes 
2019-01-06 22:45:08,812 [  55548]   INFO - llij.ide.plugins.PluginManager - Git4Idea loaded 216 classes 
2019-01-06 22:45:08,812 [  55548]   INFO - llij.ide.plugins.PluginManager - com.intellij.uiDesigner loaded 212 classes 
2019-01-06 22:45:08,812 [  55548]   INFO - llij.ide.plugins.PluginManager - org.jetbrains.debugger.streams loaded 129 classes 
2019-01-06 22:45:08,812 [  55548]   INFO - llij.ide.plugins.PluginManager - XPathView loaded 101 classes 
2019-01-06 22:45:08,812 [  55548]   INFO - llij.ide.plugins.PluginManager - com.intellij.tasks loaded 99 classes 
2019-01-06 22:45:08,812 [  55548]   INFO - llij.ide.plugins.PluginManager - hg4idea loaded 88 classes 
2019-01-06 22:45:08,812 [  55548]   INFO - llij.ide.plugins.PluginManager - CVS loaded 79 classes 
2019-01-06 22:45:08,812 [  55548]   INFO - llij.ide.plugins.PluginManager - org.jetbrains.plugins.gradle loaded 73 classes 
2019-01-06 22:45:08,812 [  55548]   INFO - llij.ide.plugins.PluginManager - com.intellij.properties loaded 68 classes 
2019-01-06 22:45:08,813 [  55549]   INFO - llij.ide.plugins.PluginManager - org.editorconfig.editorconfigjetbrains loaded 66 classes 
2019-01-06 22:45:08,813 [  55549]   INFO - llij.ide.plugins.PluginManager - Subversion loaded 60 classes 
2019-01-06 22:45:08,813 [  55549]   INFO - llij.ide.plugins.PluginManager - org.intellij.intelliLang loaded 57 classes 
2019-01-06 22:45:08,813 [  55549]   INFO - llij.ide.plugins.PluginManager - DevKit loaded 49 classes 
2019-01-06 22:45:08,813 [  55549]   INFO - llij.ide.plugins.PluginManager - Coverage loaded 40 classes 
2019-01-06 22:45:08,813 [  55549]   INFO - llij.ide.plugins.PluginManager - org.jetbrains.settingsRepository loaded 37 classes 
2019-01-06 22:45:08,813 [  55549]   INFO - llij.ide.plugins.PluginManager - org.jetbrains.plugins.yaml loaded 33 classes 
2019-01-06 22:45:08,813 [  55549]   INFO - llij.ide.plugins.PluginManager - AntSupport loaded 31 classes 
2019-01-06 22:45:08,813 [  55549]   INFO - llij.ide.plugins.PluginManager - org.jetbrains.plugins.github loaded 28 classes 
2019-01-06 22:45:08,813 [  55549]   INFO - llij.ide.plugins.PluginManager - org.jetbrains.plugins.javaFX loaded 28 classes 
2019-01-06 22:45:08,813 [  55549]   INFO - llij.ide.plugins.PluginManager - org.jetbrains.plugins.terminal loaded 17 classes 
2019-01-06 22:45:08,813 [  55549]   INFO - llij.ide.plugins.PluginManager - JUnit loaded 15 classes 
2019-01-06 22:45:08,813 [  55549]   INFO - llij.ide.plugins.PluginManager - TestNG-J loaded 14 classes 
2019-01-06 22:45:08,813 [  55549]   INFO - llij.ide.plugins.PluginManager - org.jetbrains.idea.eclipse loaded 11 classes 
2019-01-06 22:45:08,813 [  55549]   INFO - llij.ide.plugins.PluginManager - org.jetbrains.java.decompiler loaded 7 classes 
2019-01-06 22:45:08,813 [  55549]   INFO - llij.ide.plugins.PluginManager - com.intellij.java-i18n loaded 7 classes 
2019-01-06 22:45:08,813 [  55549]   INFO - llij.ide.plugins.PluginManager - com.intellij.copyright loaded 6 classes 
2019-01-06 22:45:08,813 [  55549]   INFO - llij.ide.plugins.PluginManager - com.android.tools.idea.smali loaded 5 classes 
2019-01-06 22:45:08,813 [  55549]   INFO - llij.ide.plugins.PluginManager - XSLT-Debugger loaded 4 classes 
2019-01-06 22:45:08,813 [  55549]   INFO - llij.ide.plugins.PluginManager - ByteCodeViewer loaded 2 classes 
2019-01-06 22:45:09,970 [  56706]   INFO - ntellij.internal.IconsLoadTime - SVG load time: total=366.92ms, average=3.67ms, median=6.12ms; number of icons: 100 
2019-01-06 22:45:11,367 [  58103]   INFO - .diagnostic.PerformanceWatcher - Indexable file iteration took 7356ms; general responsiveness: 1/7 sluggish; EDT responsiveness: 3/7 sluggish, 1/7 very slow 
2019-01-06 22:45:11,395 [  58131]   INFO - indexing.UnindexedFilesUpdater - Unindexed files update started: 45278 files to update 
2019-01-06 22:45:20,134 [  66870]   WARN - lij.diagnostic.IdeErrorsDialog - ea-engine.labs.intellij.net 
java.net.UnknownHostException: ea-engine.labs.intellij.net
	at java.net.AbstractPlainSocketImpl.connect(AbstractPlainSocketImpl.java:184)
	at java.net.SocksSocketImpl.connect(SocksSocketImpl.java:392)
	at java.net.Socket.connect(Socket.java:589)
	at sun.security.ssl.SSLSocketImpl.connect(SSLSocketImpl.java:673)
	at sun.net.NetworkClient.doConnect(NetworkClient.java:175)
	at sun.net.www.http.HttpClient.openServer(HttpClient.java:432)
	at sun.net.www.http.HttpClient.openServer(HttpClient.java:527)
	at sun.net.www.protocol.https.HttpsClient.<init>(HttpsClient.java:264)
	at sun.net.www.protocol.https.HttpsClient.New(HttpsClient.java:367)
	at sun.net.www.protocol.https.AbstractDelegateHttpsURLConnection.getNewHttpClient(AbstractDelegateHttpsURLConnection.java:191)
	at sun.net.www.protocol.http.HttpURLConnection.plainConnect0(HttpURLConnection.java:1181)
	at sun.net.www.protocol.http.HttpURLConnection.plainConnect(HttpURLConnection.java:1032)
	at sun.net.www.protocol.https.AbstractDelegateHttpsURLConnection.connect(AbstractDelegateHttpsURLConnection.java:177)
	at sun.net.www.protocol.http.HttpURLConnection.getInputStream0(HttpURLConnection.java:1546)
	at sun.net.www.protocol.http.HttpURLConnection.getInputStream(HttpURLConnection.java:1474)
	at java.net.HttpURLConnection.getResponseCode(HttpURLConnection.java:480)
	at sun.net.www.protocol.https.HttpsURLConnectionImpl.getResponseCode(HttpsURLConnectionImpl.java:338)
	at com.intellij.util.io.HttpRequests.openConnection(HttpRequests.java:609)
	at com.intellij.util.io.HttpRequests.access$300(HttpRequests.java:59)
	at com.intellij.util.io.HttpRequests$RequestImpl.getConnection(HttpRequests.java:378)
	at com.intellij.util.io.HttpRequests$RequestImpl.getInputStream(HttpRequests.java:387)
	at com.intellij.util.io.HttpRequests$RequestImpl.getReader(HttpRequests.java:405)
	at com.intellij.util.io.HttpRequests$RequestImpl.getReader(HttpRequests.java:398)
	at com.intellij.diagnostic.ITNProxy.lambda$fetchDevelopers$1(ITNProxy.java:105)
	at com.intellij.util.io.HttpRequests.doProcess(HttpRequests.java:523)
	at com.intellij.util.io.HttpRequests.process(HttpRequests.java:499)
	at com.intellij.util.io.HttpRequests.access$100(HttpRequests.java:59)
	at com.intellij.util.io.HttpRequests$RequestBuilderImpl.connect(HttpRequests.java:352)
	at com.intellij.diagnostic.ITNProxy.fetchDevelopers(ITNProxy.java:100)
	at com.intellij.diagnostic.IdeErrorsDialog$1.run(IdeErrorsDialog.java:132)
	at com.intellij.openapi.progress.impl.CoreProgressManager$TaskRunnable.run(CoreProgressManager.java:727)
	at com.intellij.openapi.progress.impl.CoreProgressManager.lambda$runProcess$2(CoreProgressManager.java:164)
	at com.intellij.openapi.progress.impl.CoreProgressManager.registerIndicatorAndRun(CoreProgressManager.java:582)
	at com.intellij.openapi.progress.impl.CoreProgressManager.executeProcessUnderProgress(CoreProgressManager.java:532)
	at com.intellij.openapi.progress.impl.ProgressManagerImpl.executeProcessUnderProgress(ProgressManagerImpl.java:87)
	at com.intellij.openapi.progress.impl.CoreProgressManager.runProcess(CoreProgressManager.java:151)
	at com.intellij.openapi.progress.impl.CoreProgressManager$4.run(CoreProgressManager.java:403)
	at com.intellij.openapi.application.impl.ApplicationImpl$1.run(ApplicationImpl.java:314)
	at java.util.concurrent.Executors$RunnableAdapter.call(Executors.java:511)
	at java.util.concurrent.FutureTask.run(FutureTask.java:266)
	at java.util.concurrent.ThreadPoolExecutor.runWorker(ThreadPoolExecutor.java:1142)
	at java.util.concurrent.ThreadPoolExecutor$Worker.run(ThreadPoolExecutor.java:617)
	at java.lang.Thread.run(Thread.java:745)
2019-01-06 22:45:52,983 [  99719]   INFO - .diagnostic.PerformanceWatcher - Unindexed files update took 41589ms; general responsiveness: ok; EDT responsiveness: 1/42 sluggish 
2019-01-06 22:45:52,984 [  99720]   INFO - penapi.project.DumbServiceImpl - Running dumb mode task: initial refresh 
2019-01-06 22:45:53,035 [  99771]   INFO - penapi.project.DumbServiceImpl - updateFinished 
2019-01-06 22:45:53,036 [  99772]   INFO - g.FileBasedIndexProjectHandler - Has changed files: false; project=Project '/home/aishwarya/Dev/kafka-streams-examples' kafka-streams-examples 
2019-01-06 22:45:53,122 [  99858]   INFO - j.ide.ui.OptionsTopHitProvider - 79 ms spent to cache options in project 
2019-01-06 22:45:53,357 [ 100093]   INFO - j.ide.ui.OptionsTopHitProvider - 143 ms spent on EDT to cache options in project 
2019-01-06 22:45:53,383 [ 100119]   INFO - penapi.project.DumbServiceImpl - Running dumb mode task: com.android.tools.idea.res.ResourceFolderRepositoryFileCacheImpl$PruneTask@7316c60 
2019-01-06 22:45:53,416 [ 100152]   INFO - penapi.project.DumbServiceImpl - Running dumb mode task: com.android.tools.idea.res.ResourceFolderRepositoryFileCacheImpl$ManageLruProjectFilesTask@52e68ac1 
2019-01-06 22:45:53,452 [ 100188]   INFO - penapi.project.DumbServiceImpl - updateFinished 
2019-01-06 22:45:53,453 [ 100189]   INFO - g.FileBasedIndexProjectHandler - Has changed files: false; project=Project '/home/aishwarya/Dev/kafka-streams-examples' kafka-streams-examples 
2019-01-06 22:45:53,484 [ 100220]   INFO - penapi.project.DumbServiceImpl - Running dumb mode task: com.android.tools.idea.res.ResourceFolderRegistry$PopulateCachesTask@365b8cca 
2019-01-06 22:45:53,516 [ 100252]   INFO - penapi.project.DumbServiceImpl - updateFinished 
2019-01-06 22:45:53,516 [ 100252]   INFO - g.FileBasedIndexProjectHandler - Has changed files: false; project=Project '/home/aishwarya/Dev/kafka-streams-examples' kafka-streams-examples 
2019-01-06 22:46:20,579 [ 127315]   INFO - penapi.project.DumbServiceImpl - cancel com.intellij.util.indexing.UnindexedFilesUpdater@ac8c273 
2019-01-06 22:46:21,245 [ 127981]   INFO - penapi.project.DumbServiceImpl - cancel com.intellij.util.indexing.UnindexedFilesUpdater@703cda65 
2019-01-06 22:46:21,245 [ 127981]   INFO - penapi.project.DumbServiceImpl - cancel com.intellij.util.indexing.UnindexedFilesUpdater@ac8c273 
2019-01-06 22:46:21,257 [ 127993]   INFO - ution.rmi.RemoteProcessSupport - Terminating: 15840/Maven3ServerImplf5bdbdb8 
2019-01-06 22:46:21,518 [ 128254]   INFO - stubs.SerializationManagerImpl - START StubSerializationManager SHUTDOWN 
2019-01-06 22:46:21,519 [ 128255]   INFO - stubs.SerializationManagerImpl - END StubSerializationManager SHUTDOWN 
2019-01-06 22:46:21,519 [ 128255]   INFO - il.indexing.FileBasedIndexImpl - START INDEX SHUTDOWN 
2019-01-06 22:46:21,581 [ 128317]   INFO - il.indexing.FileBasedIndexImpl - END INDEX SHUTDOWN 
2019-01-06 22:46:21,586 [ 128322]   INFO - org.jetbrains.io.BuiltInServer - web server stopped 
2019-01-06 22:46:21,589 [ 128325]   INFO - Types.impl.FileTypeManagerImpl - FileTypeManager: 559 auto-detected files
Elapsed time on auto-detect: 1699 ms 
2019-01-06 22:46:21,654 [ 128390]   INFO - pl.local.NativeFileWatcherImpl - Watcher terminated with exit code 0 
2019-01-06 22:46:21,655 [ 128391]   INFO - newvfs.persistent.PersistentFS - VFS dispose started 
2019-01-06 22:46:21,658 [ 128394]   INFO - newvfs.persistent.PersistentFS - VFS dispose completed 
2019-01-06 22:46:21,659 [ 128395]   INFO - plication.impl.ApplicationImpl - Write action Statistics:
Event number:     22
Total time spent: 1589ms
Average duration: 72ms
Median  duration: 5ms
Max     duration: 799ms (it was 'write action (class com.intellij.openapi.projectRoots.impl.DefaultJdkConfigurator$$Lambda$253/544647255)') 
2019-01-06 22:46:21,660 [ 128396]   INFO - plication.impl.ApplicationImpl - AnAction.update() Statistics:
Event number:     4317
Total time spent: 181ms
Average duration: 0ms
Median  duration: 0ms
Max     duration: 63ms (it was 'Run action update (class com.intellij.execution.ExecutorRegistryImpl$ExecutorAction)') 
2019-01-06 22:46:21,660 [ 128396]   INFO - plication.impl.ApplicationImpl - Global instance threads created counter = 11; ProcessIOExecutorService threads: 9 
2019-01-06 22:46:21,661 [ 128397]   INFO -        #com.intellij.idea.Main - ------------------------------------------------------ IDE SHUTDOWN ------------------------------------------------------ 
2019-01-06 22:46:21,664 [ 128400]   INFO - org.jetbrains.io.BuiltInServer - web server stopped 
2019-01-06 22:47:00,559 [      0]   INFO -        #com.intellij.idea.Main - ------------------------------------------------------ IDE STARTED ------------------------------------------------------ 
2019-01-06 22:47:00,583 [     24]   INFO -        #com.intellij.idea.Main - IDE: IntelliJ IDEA (build #IC-183.4886.37, 17 Dec 2018 11:00) 
2019-01-06 22:47:00,583 [     24]   INFO -        #com.intellij.idea.Main - OS: Linux (4.15.0-43-generic, amd64) 
2019-01-06 22:47:00,583 [     24]   INFO -        #com.intellij.idea.Main - JRE: 1.8.0_152-release-1343-b26 (JetBrains s.r.o) 
2019-01-06 22:47:00,583 [     24]   INFO -        #com.intellij.idea.Main - JVM: 25.152-b26 (OpenJDK 64-Bit Server VM) 
2019-01-06 22:47:00,584 [     25]   INFO -        #com.intellij.idea.Main - JVM Args: -Didea.classpath.index.enabled=false -Didea.config.path=/home/aishwarya/Dev/kafka-tools-plugin/build/idea-sandbox/config -Didea.is.internal=true -Didea.platform.prefix=Idea -Didea.plugins.path=/home/aishwarya/Dev/kafka-tools-plugin/build/idea-sandbox/plugins -Didea.required.plugins.id=com.jetbrains.kafka-tool -Didea.system.path=/home/aishwarya/Dev/kafka-tools-plugin/build/idea-sandbox/system -Dsun.awt.disablegrab=true -agentlib:jdwp=transport=dt_socket,server=n,suspend=y,address=40573 -XX:MaxPermSize=250m -Xms256m -Xmx512m -Dfile.encoding=UTF-8 -Duser.country=US -Duser.language=en -Duser.variant -ea 
2019-01-06 22:47:00,584 [     25]   INFO -        #com.intellij.idea.Main - ext: /home/aishwarya/.gradle/caches/modules-2/files-2.1/com.jetbrains/jbre/jbrex8u152b1343.26_linux_x64/jre/lib/ext: [localedata.jar, sunec.jar, jaccess.jar, nashorn.jar, sunpkcs11.jar, meta-index, sunjce_provider.jar, zipfs.jar, jfxrt.jar, dnsns.jar, cldrdata.jar] 
2019-01-06 22:47:00,584 [     25]   INFO -        #com.intellij.idea.Main - charsets: JNU=UTF-8 file=UTF-8 
2019-01-06 22:47:00,599 [     40]   INFO -        #com.intellij.idea.Main - JNA library (64-bit) loaded in 14 ms 
2019-01-06 22:47:02,608 [   2049]   INFO -     #com.intellij.util.ui.JBUI - System scale factor: 1.0 (IDE-managed HiDPI) 
2019-01-06 22:47:02,609 [   2050]   INFO -     #com.intellij.util.ui.JBUI - User scale factor: 1.0 
2019-01-06 22:47:03,022 [   2463]   INFO - .intellij.idea.IdeaApplication - CPU cores: 8; ForkJoinPool.commonPool: java.util.concurrent.ForkJoinPool@342def32[Running, parallelism = 7, size = 0, active = 0, running = 0, steals = 0, tasks = 0, submissions = 0]; factory: com.intellij.concurrency.IdeaForkJoinWorkerThreadFactory@5a39da04 
2019-01-06 22:47:03,060 [   2501]   INFO - .intellij.idea.IdeaApplication - WM detected: Compiz 
2019-01-06 22:47:03,471 [   2912]   INFO - llij.ide.plugins.PluginManager - Cannot find optional descriptor duplicates-groovy.xml 
2019-01-06 22:47:03,910 [   3351]   INFO - llij.ide.plugins.PluginManager - 36 plugins initialized in 707 ms 
2019-01-06 22:47:03,910 [   3351]   INFO - llij.ide.plugins.PluginManager - Loaded bundled plugins: Android Support (10.3.1.2), Ant Support (1.0), Bytecode Viewer (0.1), CVS Integration (11), Copyright (8.1), Coverage (183.4886.37), Eclipse Integration (3.0), EditorConfig (183.4886.37), Git Integration (8.1), GitHub (183.4886.37), Gradle (183.4886.37), Groovy (9.0), I18n for Java (183.4886.37), IDEA CORE (183.4886.37), IntelliJ Configuration Script (183.4886.37), IntelliLang (8.0), JUnit (1.0), Java Bytecode Decompiler (183.4886.37), Java Stream Debugger (183.4886.37), JavaFX (1.0), Kotlin (1.3.10-release-IJ2018.3-1), Maven Integration (183.4886.37), Mercurial Integration (10.0), Plugin DevKit (1.0), Properties Support (183.4886.37), Settings Repository (183.4886.37), Smali Support (1.0), Subversion Integration (1.1), Task Management (1.0), Terminal (0.1), TestNG-J (8.0), UI Designer (183.4886.37), XPathView + XSLT Support (4), XSLT-Debugger (1.4), YAML (183.4886.37) 
2019-01-06 22:47:03,910 [   3351]   INFO - llij.ide.plugins.PluginManager - Loaded custom plugins: Kafka Tool (1.0-SNAPSHOT) 
2019-01-06 22:47:04,642 [   4083]   INFO - pi.util.registry.RegistryState - Registry values changed by user: 
2019-01-06 22:47:04,642 [   4083]   INFO - pi.util.registry.RegistryState -   java.completion.argument.hints.internal = false 
2019-01-06 22:47:04,649 [   4090]   INFO - pi.util.registry.RegistryState - Experimental features enabled for user: inline.browse.button 
2019-01-06 22:47:04,687 [   4128]   INFO - ellij.util.io.PagedFileStorage - lower=100; upper=435; buffer=10; max=435 
2019-01-06 22:47:04,733 [   4174]   INFO - pl.local.NativeFileWatcherImpl - Starting file watcher: /home/aishwarya/.gradle/caches/modules-2/files-2.1/com.jetbrains.intellij.idea/ideaIC/2018.3.2/23b321b525e54fefd5a5e47371077a981833fb37/ideaIC-2018.3.2/bin/linux/fsnotifier64 
2019-01-06 22:47:04,742 [   4183]   INFO - pl.local.NativeFileWatcherImpl - Native file watcher is operational. 
2019-01-06 22:47:05,610 [   5051]   INFO - j.ide.ui.OptionsTopHitProvider - 161 ms spent to cache options in application 
2019-01-06 22:47:05,611 [   5052]   INFO - .openapi.application.Preloader - com.intellij.ide.ui.OptionsTopHitProvider$Activity took 161 ms 
2019-01-06 22:47:05,624 [   5065]   INFO - til.net.ssl.CertificateManager - Default SSL context initialized 
2019-01-06 22:47:05,689 [   5130]   INFO - rains.ide.BuiltInServerManager - built-in server started, port 63343 
2019-01-06 22:47:05,707 [   5148]   INFO - gs.impl.UpdateCheckerComponent - channel: release 
2019-01-06 22:47:06,004 [   5445]   INFO - il.indexing.FileBasedIndexImpl - Index exts enumerated:251, number of extensions:49 
2019-01-06 22:47:06,017 [   5458]   INFO - il.indexing.FileBasedIndexImpl - Index scheduled:12 
2019-01-06 22:47:06,052 [   5493]   INFO - tellij.psi.stubs.StubIndexImpl - All stub exts enumerated:28, number of extensions:50 
2019-01-06 22:47:06,053 [   5494]   INFO - tellij.psi.stubs.StubIndexImpl - stub exts update scheduled:0 
2019-01-06 22:47:06,509 [   5950]   INFO - plication.impl.ApplicationImpl - 85 application components initialized in 3311ms 
2019-01-06 22:47:06,524 [   5965]   INFO - .intellij.idea.IdeaApplication - App initialization took 6547 ms 
2019-01-06 22:47:06,525 [   5966]   INFO - llij.ide.plugins.PluginManager - org.intellij.groovy loaded 368 classes 
2019-01-06 22:47:06,525 [   5966]   INFO - llij.ide.plugins.PluginManager - org.jetbrains.kotlin loaded 216 classes 
2019-01-06 22:47:06,525 [   5966]   INFO - llij.ide.plugins.PluginManager - org.jetbrains.android loaded 172 classes 
2019-01-06 22:47:06,525 [   5966]   INFO - llij.ide.plugins.PluginManager - CVS loaded 38 classes 
2019-01-06 22:47:06,525 [   5966]   INFO - llij.ide.plugins.PluginManager - org.jetbrains.idea.maven loaded 32 classes 
2019-01-06 22:47:06,526 [   5967]   INFO - llij.ide.plugins.PluginManager - com.intellij.properties loaded 31 classes 
2019-01-06 22:47:06,526 [   5967]   INFO - llij.ide.plugins.PluginManager - org.jetbrains.settingsRepository loaded 30 classes 
2019-01-06 22:47:06,526 [   5967]   INFO - llij.ide.plugins.PluginManager - XPathView loaded 20 classes 
2019-01-06 22:47:06,526 [   5967]   INFO - llij.ide.plugins.PluginManager - org.editorconfig.editorconfigjetbrains loaded 17 classes 
2019-01-06 22:47:06,526 [   5967]   INFO - llij.ide.plugins.PluginManager - org.jetbrains.plugins.yaml loaded 14 classes 
2019-01-06 22:47:06,526 [   5967]   INFO - llij.ide.plugins.PluginManager - hg4idea loaded 13 classes 
2019-01-06 22:47:06,526 [   5967]   INFO - llij.ide.plugins.PluginManager - Subversion loaded 12 classes 
2019-01-06 22:47:06,526 [   5967]   INFO - llij.ide.plugins.PluginManager - Git4Idea loaded 11 classes 
2019-01-06 22:47:06,526 [   5967]   INFO - llij.ide.plugins.PluginManager - org.jetbrains.plugins.javaFX loaded 10 classes 
2019-01-06 22:47:06,526 [   5967]   INFO - llij.ide.plugins.PluginManager - com.intellij.uiDesigner loaded 9 classes 
2019-01-06 22:47:06,526 [   5967]   INFO - llij.ide.plugins.PluginManager - com.intellij.tasks loaded 8 classes 
2019-01-06 22:47:06,526 [   5967]   INFO - llij.ide.plugins.PluginManager - DevKit loaded 7 classes 
2019-01-06 22:47:06,526 [   5967]   INFO - llij.ide.plugins.PluginManager - AntSupport loaded 6 classes 
2019-01-06 22:47:06,526 [   5967]   INFO - llij.ide.plugins.PluginManager - org.jetbrains.plugins.github loaded 5 classes 
2019-01-06 22:47:06,526 [   5967]   INFO - llij.ide.plugins.PluginManager - com.android.tools.idea.smali loaded 5 classes 
2019-01-06 22:47:06,526 [   5967]   INFO - llij.ide.plugins.PluginManager - org.jetbrains.plugins.gradle loaded 5 classes 
2019-01-06 22:47:06,526 [   5967]   INFO - llij.ide.plugins.PluginManager - org.intellij.intelliLang loaded 4 classes 
2019-01-06 22:47:06,526 [   5967]   INFO - llij.ide.plugins.PluginManager - org.jetbrains.idea.eclipse loaded 2 classes 
2019-01-06 22:47:06,526 [   5967]   INFO - llij.ide.plugins.PluginManager - com.intellij.copyright loaded 1 classes 
2019-01-06 22:47:06,526 [   5967]   INFO - llij.ide.plugins.PluginManager - Coverage loaded 1 classes 
2019-01-06 22:47:06,526 [   5967]   INFO - llij.ide.plugins.PluginManager - com.intellij.java-i18n loaded 1 classes 
2019-01-06 22:47:06,864 [   6305]   INFO - m.intellij.ui.mac.touchbar.NST - OS doesn't support touchbar, skip nst loading 
2019-01-06 22:47:07,036 [   6477]   INFO - pl$FileIndexDataInitialization - Initialization done:1018 
2019-01-06 22:47:07,074 [   6515]   INFO - exImpl$StubIndexInitialization - Initialization done:37 
2019-01-06 22:47:07,726 [   7167]   INFO - com.intellij.ide.ui.UISettings - Loaded: fontSize=12, fontScale=1.0; restored: fontSize=12, fontScale=1.0 
2019-01-06 22:47:08,203 [   7644]   INFO - CompilerWorkspaceConfiguration - Available processors: 8 
2019-01-06 22:47:08,212 [   7653]   INFO - pl.projectlevelman.NewMappings - VCS Root: [] - [<Project>] 
2019-01-06 22:47:08,214 [   7655]   INFO - pl.projectlevelman.NewMappings - VCS Root: [Git] - [/home/aishwarya/Dev/kafka-streams-examples] 
2019-01-06 22:47:08,658 [   8099]   INFO - .openapi.application.Preloader - com.intellij.openapi.actionSystem.impl.ActionPreloader took 3046 ms 
2019-01-06 22:47:08,831 [   8272]   INFO - ellij.project.impl.ProjectImpl - 160 project components initialized in 1707 ms 
2019-01-06 22:47:09,149 [   8590]   INFO - le.impl.ModuleManagerComponent - 1 module(s) loaded in 317 ms 
2019-01-06 22:47:09,392 [   8833]   INFO - j.ide.script.IdeStartupScripts - 0 startup script(s) found 
2019-01-06 22:47:09,554 [   8995]   INFO - rojectCodeStyleSettingsManager - Initialized from default code style settings. 
2019-01-06 22:47:10,341 [   9782]   INFO - .openapi.application.Preloader - com.intellij.ide.ui.search.SearchableOptionPreloader took 1681 ms 
2019-01-06 22:47:10,550 [   9991]   INFO - penapi.project.DumbServiceImpl - Running dumb mode task: com.intellij.util.indexing.UnindexedFilesUpdater@4ebba989 
2019-01-06 22:47:10,576 [  10017]   INFO - ntellij.internal.IconsLoadTime - IMG load time: ide_startup=8.00ms, average=0.57ms, median=1.32ms; number of icons: 14 
2019-01-06 22:47:10,576 [  10017]   INFO - ntellij.internal.IconsLoadTime - SVG load time: ide_startup=96.57ms, average=3.58ms, median=5.94ms; number of icons: 27 
2019-01-06 22:47:10,628 [  10069]   INFO - .openapi.application.Preloader - com.intellij.codeInsight.completion.CompletionPreloader took 286 ms 
2019-01-06 22:47:10,636 [  10077]   INFO - .openapi.application.Preloader - com.intellij.ide.actions.GotoClassPresentationUpdater took 6 ms 
2019-01-06 22:47:10,723 [  10164]   INFO - .diagnostic.PerformanceWatcher - Pushing properties took 171ms; general responsiveness: ok; EDT responsiveness: ok 
2019-01-06 22:47:12,072 [  11513]   INFO - tartup.impl.StartupManagerImpl - OpenFilesActivity run in 1478ms under project opening modal progress 
2019-01-06 22:47:12,125 [  11566]   INFO - ge.ExternalProjectsDataStorage - Loaded external projects data in 5 millis 
2019-01-06 22:47:12,158 [  11599]   INFO - .diagnostic.PerformanceWatcher - Post-startup activities under progress took 1712ms; general responsiveness: ok; EDT responsiveness: 1/1 sluggish 
2019-01-06 22:47:13,126 [  12567]   INFO - lients.producer.ProducerConfig - ProducerConfig values: 
	acks = 1
	batch.size = 16384
	bootstrap.servers = [localhost:9092]
	buffer.memory = 33554432
	client.dns.lookup = default
	client.id = 
	compression.type = none
	connections.max.idle.ms = 540000
	delivery.timeout.ms = 120000
	enable.idempotence = false
	interceptor.classes = []
	key.serializer = class org.apache.kafka.common.serialization.StringSerializer
	linger.ms = 0
	max.block.ms = 250
	max.in.flight.requests.per.connection = 5
	max.request.size = 1048576
	metadata.max.age.ms = 300000
	metric.reporters = []
	metrics.num.samples = 2
	metrics.recording.level = INFO
	metrics.sample.window.ms = 30000
	partitioner.class = class org.apache.kafka.clients.producer.internals.DefaultPartitioner
	receive.buffer.bytes = 32768
	reconnect.backoff.max.ms = 1000
	reconnect.backoff.ms = 50
	request.timeout.ms = 30000
	retries = 2147483647
	retry.backoff.ms = 100
	sasl.client.callback.handler.class = null
	sasl.jaas.config = null
	sasl.kerberos.kinit.cmd = /usr/bin/kinit
	sasl.kerberos.min.time.before.relogin = 60000
	sasl.kerberos.service.name = null
	sasl.kerberos.ticket.renew.jitter = 0.05
	sasl.kerberos.ticket.renew.window.factor = 0.8
	sasl.login.callback.handler.class = null
	sasl.login.class = null
	sasl.login.refresh.buffer.seconds = 300
	sasl.login.refresh.min.period.seconds = 60
	sasl.login.refresh.window.factor = 0.8
	sasl.login.refresh.window.jitter = 0.05
	sasl.mechanism = GSSAPI
	security.protocol = PLAINTEXT
	send.buffer.bytes = 131072
	ssl.cipher.suites = null
	ssl.enabled.protocols = [TLSv1.2, TLSv1.1, TLSv1]
	ssl.endpoint.identification.algorithm = https
	ssl.key.password = null
	ssl.keymanager.algorithm = SunX509
	ssl.keystore.location = null
	ssl.keystore.password = null
	ssl.keystore.type = JKS
	ssl.protocol = TLS
	ssl.provider = null
	ssl.secure.random.implementation = null
	ssl.trustmanager.algorithm = PKIX
	ssl.truststore.location = null
	ssl.truststore.password = null
	ssl.truststore.type = JKS
	transaction.timeout.ms = 60000
	transactional.id = null
	value.serializer = class io.confluent.kafka.serializers.KafkaAvroSerializer
 
2019-01-06 22:47:13,190 [  12631]   INFO - clients.producer.KafkaProducer - [Producer clientId=producer-1] Closing the Kafka producer with timeoutMillis = 0 ms. 
2019-01-06 22:47:13,192 [  12633]  ERROR - .wm.impl.ToolWindowManagerImpl - failed to init toolwindow com.jetbrains.kafka.tool.ui.KafkaToolToolWindow 
org.apache.kafka.common.KafkaException: Failed to construct kafka producer
	at org.apache.kafka.clients.producer.KafkaProducer.<init>(KafkaProducer.java:431)
	at org.apache.kafka.clients.producer.KafkaProducer.<init>(KafkaProducer.java:272)
	at com.jetbrains.kafka.tool.service.KafkaProducerProxy.reset(KafkaProducerProxy.java:39)
	at com.jetbrains.kafka.tool.ui.KafkaProducerComponent.getContent(KafkaProducerComponent.java:92)
	at com.jetbrains.kafka.tool.ui.KafkaToolToolWindow.createToolWindowContent(KafkaToolToolWindow.java:24)
	at com.intellij.openapi.wm.impl.ToolWindowImpl.ensureContentInitialized(ToolWindowImpl.java:530)
	at com.intellij.openapi.wm.impl.ToolWindowManagerImpl.lambda$initToolWindow$8(ToolWindowManagerImpl.java:514)
	at com.intellij.openapi.wm.impl.ToolWindowManagerImpl.initToolWindow(ToolWindowManagerImpl.java:517)
	at com.intellij.openapi.wm.impl.ToolWindowManagerImpl$6.run(ToolWindowManagerImpl.java:469)
	at com.intellij.openapi.wm.impl.CommandProcessor.runNext(CommandProcessor.java:78)
	at com.intellij.openapi.wm.impl.CommandProcessor.run(CommandProcessor.java:59)
	at com.intellij.openapi.wm.impl.commands.FinalizableCommand.finish(FinalizableCommand.java:36)
	at com.intellij.openapi.wm.impl.ToolWindowsPane$AddToolStripeButtonCmd.run(ToolWindowsPane.java:970)
	at com.intellij.openapi.wm.impl.CommandProcessor.runNext(CommandProcessor.java:78)
	at com.intellij.openapi.wm.impl.CommandProcessor.run(CommandProcessor.java:59)
	at com.intellij.openapi.wm.impl.commands.FinalizableCommand.finish(FinalizableCommand.java:36)
	at com.intellij.openapi.wm.impl.ToolWindowsPane$AddToolStripeButtonCmd.run(ToolWindowsPane.java:970)
	at com.intellij.openapi.wm.impl.CommandProcessor.runNext(CommandProcessor.java:78)
	at com.intellij.openapi.wm.impl.CommandProcessor.run(CommandProcessor.java:59)
	at com.intellij.openapi.wm.impl.commands.FinalizableCommand.finish(FinalizableCommand.java:36)
	at com.intellij.openapi.wm.impl.ToolWindowsPane$AddToolStripeButtonCmd.run(ToolWindowsPane.java:970)
	at com.intellij.openapi.wm.impl.CommandProcessor.runNext(CommandProcessor.java:78)
	at com.intellij.openapi.wm.impl.CommandProcessor.run(CommandProcessor.java:59)
	at com.intellij.openapi.wm.impl.commands.FinalizableCommand.finish(FinalizableCommand.java:36)
	at com.intellij.openapi.wm.impl.ToolWindowsPane$AddToolStripeButtonCmd.run(ToolWindowsPane.java:970)
	at com.intellij.openapi.wm.impl.CommandProcessor.runNext(CommandProcessor.java:78)
	at com.intellij.openapi.wm.impl.CommandProcessor.run(CommandProcessor.java:59)
	at com.intellij.openapi.wm.impl.commands.FinalizableCommand.finish(FinalizableCommand.java:36)
	at com.intellij.openapi.wm.impl.ToolWindowsPane$AddToolStripeButtonCmd.run(ToolWindowsPane.java:970)
	at com.intellij.openapi.wm.impl.CommandProcessor.runNext(CommandProcessor.java:78)
	at com.intellij.openapi.wm.impl.CommandProcessor.run(CommandProcessor.java:59)
	at com.intellij.openapi.wm.impl.commands.FinalizableCommand.finish(FinalizableCommand.java:36)
	at com.intellij.openapi.wm.impl.ToolWindowsPane$AddToolStripeButtonCmd.run(ToolWindowsPane.java:970)
	at com.intellij.openapi.wm.impl.CommandProcessor.runNext(CommandProcessor.java:78)
	at com.intellij.openapi.wm.impl.CommandProcessor.run(CommandProcessor.java:59)
	at com.intellij.openapi.wm.impl.commands.FinalizableCommand.finish(FinalizableCommand.java:36)
	at com.intellij.openapi.wm.impl.ToolWindowsPane$AddToolStripeButtonCmd.run(ToolWindowsPane.java:970)
	at com.intellij.openapi.wm.impl.CommandProcessor.runNext(CommandProcessor.java:78)
	at com.intellij.openapi.wm.impl.CommandProcessor.run(CommandProcessor.java:59)
	at com.intellij.openapi.wm.impl.commands.FinalizableCommand.finish(FinalizableCommand.java:36)
	at com.intellij.openapi.wm.impl.ToolWindowsPane$AddToolStripeButtonCmd.run(ToolWindowsPane.java:970)
	at com.intellij.openapi.wm.impl.CommandProcessor.runNext(CommandProcessor.java:78)
	at com.intellij.openapi.wm.impl.CommandProcessor.run(CommandProcessor.java:59)
	at com.intellij.openapi.wm.impl.CommandProcessor.flush(CommandProcessor.java:32)
	at com.intellij.openapi.wm.impl.ToolWindowManagerImpl.flushCommands(ToolWindowManagerImpl.java:600)
	at com.intellij.openapi.wm.impl.ToolWindowManagerImpl.access$3200(ToolWindowManagerImpl.java:69)
	at com.intellij.openapi.wm.impl.ToolWindowManagerImpl$InitToolWindowsActivity.lambda$runActivity$0(ToolWindowManagerImpl.java:2318)
	at java.awt.event.InvocationEvent.dispatch(InvocationEvent.java:311)
	at java.awt.EventQueue.dispatchEventImpl(EventQueue.java:762)
	at java.awt.EventQueue.access$500(EventQueue.java:98)
	at java.awt.EventQueue$3.run(EventQueue.java:715)
	at java.awt.EventQueue$3.run(EventQueue.java:709)
	at java.security.AccessController.doPrivileged(Native Method)
	at java.security.ProtectionDomain$JavaSecurityAccessImpl.doIntersectionPrivilege(ProtectionDomain.java:80)
	at java.awt.EventQueue.dispatchEvent(EventQueue.java:732)
	at com.intellij.ide.IdeEventQueue.defaultDispatchEvent(IdeEventQueue.java:719)
	at com.intellij.ide.IdeEventQueue._dispatchEvent(IdeEventQueue.java:668)
	at com.intellij.ide.IdeEventQueue.dispatchEvent(IdeEventQueue.java:363)
	at java.awt.EventDispatchThread.pumpOneEventForFilters(EventDispatchThread.java:201)
	at java.awt.EventDispatchThread.pumpEventsForFilter(EventDispatchThread.java:116)
	at java.awt.EventDispatchThread.pumpEventsForHierarchy(EventDispatchThread.java:105)
	at java.awt.EventDispatchThread.pumpEvents(EventDispatchThread.java:101)
	at java.awt.EventDispatchThread.pumpEvents(EventDispatchThread.java:93)
	at java.awt.EventDispatchThread.run(EventDispatchThread.java:82)
Caused by: java.lang.NoClassDefFoundError: io/confluent/common/config/ConfigException
	at java.lang.Class.getDeclaredConstructors0(Native Method)
	at java.lang.Class.privateGetDeclaredConstructors(Class.java:2671)
	at java.lang.Class.getConstructor0(Class.java:3075)
	at java.lang.Class.getDeclaredConstructor(Class.java:2178)
	at org.apache.kafka.common.utils.Utils.newInstance(Utils.java:308)
	at org.apache.kafka.common.config.AbstractConfig.getConfiguredInstance(AbstractConfig.java:302)
	at org.apache.kafka.clients.producer.KafkaProducer.<init>(KafkaProducer.java:369)
	... 63 more
Caused by: java.lang.ClassNotFoundException: io.confluent.common.config.ConfigException PluginClassLoader[com.jetbrains.kafka-tool, 1.0-SNAPSHOT] com.intellij.ide.plugins.cl.PluginClassLoader@e41bc81
	at com.intellij.ide.plugins.cl.PluginClassLoader.loadClass(PluginClassLoader.java:49)
	at java.lang.ClassLoader.loadClass(ClassLoader.java:357)
	... 70 more
2019-01-06 22:47:13,195 [  12636]  ERROR - .wm.impl.ToolWindowManagerImpl - IntelliJ IDEA 2018.3.2  Build #IC-183.4886.37 
2019-01-06 22:47:13,195 [  12636]  ERROR - .wm.impl.ToolWindowManagerImpl - JDK: 1.8.0_152-release; VM: OpenJDK 64-Bit Server VM; Vendor: JetBrains s.r.o 
2019-01-06 22:47:13,195 [  12636]  ERROR - .wm.impl.ToolWindowManagerImpl - OS: Linux 
2019-01-06 22:47:13,200 [  12641]  ERROR - .wm.impl.ToolWindowManagerImpl - Plugin to blame: Kafka Tool version: 1.0-SNAPSHOT 
2019-01-06 22:47:13,200 [  12641]  ERROR - .wm.impl.ToolWindowManagerImpl - Last Action:  
2019-01-06 22:47:13,499 [  12940]   INFO - ellij.project.impl.ProjectImpl - 20 project components initialized in 12 ms 
2019-01-06 22:47:14,424 [  13865]   INFO - j.ide.ui.OptionsTopHitProvider - 367 ms spent on EDT to cache options in application 
2019-01-06 22:47:14,488 [  13929]   INFO - tartup.impl.StartupManagerImpl - /home/aishwarya/Dev/kafka-streams-examples/.idea case-sensitivity: expected=true actual=true 
2019-01-06 22:47:14,922 [  14363]   INFO -  #git4idea.commands.GitHandler - [.] git version 
2019-01-06 22:47:14,934 [  14375]   INFO -  #git4idea.commands.GitHandler - git version 2.7.4 
2019-01-06 22:47:14,940 [  14381]   INFO - ea.config.GitExecutableManager - Git version for /usr/bin/git : 2.7.4 
2019-01-06 22:47:15,087 [  14528]   INFO - pl.projectlevelman.NewMappings - VCS Root: [Git] - [/home/aishwarya/Dev/kafka-streams-examples] 
2019-01-06 22:47:15,515 [  14956]   WARN - com.intellij.util.xmlb.Binding - no accessors for class org.jetbrains.kotlin.idea.highlighter.KotlinDefaultHighlightingSettingsProvider 
2019-01-06 22:47:15,711 [  15152]   INFO - tor.impl.FileEditorManagerImpl - Project opening took 8652 ms 
2019-01-06 22:47:15,711 [  15152]   INFO - llij.ide.plugins.PluginManager - org.jetbrains.kotlin loaded 1492 classes 
2019-01-06 22:47:15,711 [  15152]   INFO - llij.ide.plugins.PluginManager - org.jetbrains.android loaded 1338 classes 
2019-01-06 22:47:15,711 [  15152]   INFO - llij.ide.plugins.PluginManager - com.jetbrains.kafka-tool loaded 980 classes 
2019-01-06 22:47:15,712 [  15153]   INFO - llij.ide.plugins.PluginManager - org.intellij.groovy loaded 522 classes 
2019-01-06 22:47:15,712 [  15153]   INFO - llij.ide.plugins.PluginManager - org.jetbrains.idea.maven loaded 289 classes 
2019-01-06 22:47:15,712 [  15153]   INFO - llij.ide.plugins.PluginManager - Git4Idea loaded 216 classes 
2019-01-06 22:47:15,712 [  15153]   INFO - llij.ide.plugins.PluginManager - com.intellij.uiDesigner loaded 212 classes 
2019-01-06 22:47:15,712 [  15153]   INFO - llij.ide.plugins.PluginManager - org.jetbrains.debugger.streams loaded 129 classes 
2019-01-06 22:47:15,712 [  15153]   INFO - llij.ide.plugins.PluginManager - XPathView loaded 101 classes 
2019-01-06 22:47:15,712 [  15153]   INFO - llij.ide.plugins.PluginManager - com.intellij.tasks loaded 99 classes 
2019-01-06 22:47:15,712 [  15153]   INFO - llij.ide.plugins.PluginManager - hg4idea loaded 88 classes 
2019-01-06 22:47:15,712 [  15153]   INFO - llij.ide.plugins.PluginManager - CVS loaded 79 classes 
2019-01-06 22:47:15,712 [  15153]   INFO - llij.ide.plugins.PluginManager - org.jetbrains.plugins.gradle loaded 73 classes 
2019-01-06 22:47:15,712 [  15153]   INFO - llij.ide.plugins.PluginManager - com.intellij.properties loaded 68 classes 
2019-01-06 22:47:15,712 [  15153]   INFO - llij.ide.plugins.PluginManager - org.editorconfig.editorconfigjetbrains loaded 66 classes 
2019-01-06 22:47:15,712 [  15153]   INFO - llij.ide.plugins.PluginManager - Subversion loaded 60 classes 
2019-01-06 22:47:15,712 [  15153]   INFO - llij.ide.plugins.PluginManager - org.intellij.intelliLang loaded 57 classes 
2019-01-06 22:47:15,712 [  15153]   INFO - llij.ide.plugins.PluginManager - DevKit loaded 50 classes 
2019-01-06 22:47:15,712 [  15153]   INFO - llij.ide.plugins.PluginManager - Coverage loaded 40 classes 
2019-01-06 22:47:15,712 [  15153]   INFO - llij.ide.plugins.PluginManager - org.jetbrains.settingsRepository loaded 37 classes 
2019-01-06 22:47:15,712 [  15153]   INFO - llij.ide.plugins.PluginManager - org.jetbrains.plugins.yaml loaded 31 classes 
2019-01-06 22:47:15,712 [  15153]   INFO - llij.ide.plugins.PluginManager - AntSupport loaded 30 classes 
2019-01-06 22:47:15,712 [  15153]   INFO - llij.ide.plugins.PluginManager - org.jetbrains.plugins.javaFX loaded 28 classes 
2019-01-06 22:47:15,712 [  15153]   INFO - llij.ide.plugins.PluginManager - org.jetbrains.plugins.github loaded 28 classes 
2019-01-06 22:47:15,712 [  15153]   INFO - llij.ide.plugins.PluginManager - org.jetbrains.plugins.terminal loaded 17 classes 
2019-01-06 22:47:15,712 [  15153]   INFO - llij.ide.plugins.PluginManager - JUnit loaded 15 classes 
2019-01-06 22:47:15,712 [  15153]   INFO - llij.ide.plugins.PluginManager - TestNG-J loaded 14 classes 
2019-01-06 22:47:15,712 [  15153]   INFO - llij.ide.plugins.PluginManager - org.jetbrains.idea.eclipse loaded 11 classes 
2019-01-06 22:47:15,712 [  15153]   INFO - llij.ide.plugins.PluginManager - org.jetbrains.java.decompiler loaded 7 classes 
2019-01-06 22:47:15,712 [  15153]   INFO - llij.ide.plugins.PluginManager - com.intellij.java-i18n loaded 7 classes 
2019-01-06 22:47:15,712 [  15153]   INFO - llij.ide.plugins.PluginManager - com.intellij.copyright loaded 6 classes 
2019-01-06 22:47:15,712 [  15153]   INFO - llij.ide.plugins.PluginManager - com.android.tools.idea.smali loaded 5 classes 
2019-01-06 22:47:15,712 [  15153]   INFO - llij.ide.plugins.PluginManager - XSLT-Debugger loaded 4 classes 
2019-01-06 22:47:15,712 [  15153]   INFO - llij.ide.plugins.PluginManager - ByteCodeViewer loaded 2 classes 
2019-01-06 22:47:17,357 [  16798]   INFO - .diagnostic.PerformanceWatcher - Indexable file iteration took 6632ms; general responsiveness: ok; EDT responsiveness: 4/6 sluggish, 1/6 very slow 
2019-01-06 22:47:17,368 [  16809]   INFO - penapi.project.DumbServiceImpl - Running dumb mode task: initial refresh 
2019-01-06 22:47:17,381 [  16822]   INFO - penapi.project.DumbServiceImpl - updateFinished 
2019-01-06 22:47:17,394 [  16835]   INFO - g.FileBasedIndexProjectHandler - Has changed files: false; project=Project '/home/aishwarya/Dev/kafka-streams-examples' kafka-streams-examples 
2019-01-06 22:47:17,703 [  17144]   INFO - j.ide.ui.OptionsTopHitProvider - 276 ms spent to cache options in project 
2019-01-06 22:47:17,703 [  17144]   INFO - tartup.impl.StartupManagerImpl - Some post-startup activities freeze UI for noticeable time. Please consider making them DumbAware to do them in background under modal progress, or just making them faster to speed up project opening. 
2019-01-06 22:47:17,703 [  17144]   INFO - tartup.impl.StartupManagerImpl - Activity run in 276ms on UI thread 
2019-01-06 22:47:18,209 [  17650]   INFO - j.ide.ui.OptionsTopHitProvider - 245 ms spent on EDT to cache options in project 
2019-01-06 22:47:18,247 [  17688]   INFO - penapi.project.DumbServiceImpl - Running dumb mode task: com.android.tools.idea.res.ResourceFolderRepositoryFileCacheImpl$PruneTask@4faf7236 
2019-01-06 22:47:18,331 [  17772]   INFO - penapi.project.DumbServiceImpl - Running dumb mode task: com.android.tools.idea.res.ResourceFolderRepositoryFileCacheImpl$ManageLruProjectFilesTask@58eec9e9 
2019-01-06 22:47:18,430 [  17871]   INFO - penapi.project.DumbServiceImpl - updateFinished 
2019-01-06 22:47:18,431 [  17872]   INFO - g.FileBasedIndexProjectHandler - Has changed files: false; project=Project '/home/aishwarya/Dev/kafka-streams-examples' kafka-streams-examples 
2019-01-06 22:47:18,514 [  17955]   INFO - penapi.project.DumbServiceImpl - Running dumb mode task: com.android.tools.idea.res.ResourceFolderRegistry$PopulateCachesTask@7da39ece 
2019-01-06 22:47:18,647 [  18088]   INFO - penapi.project.DumbServiceImpl - updateFinished 
2019-01-06 22:47:18,647 [  18088]   INFO - g.FileBasedIndexProjectHandler - Has changed files: false; project=Project '/home/aishwarya/Dev/kafka-streams-examples' kafka-streams-examples 
2019-01-06 22:47:21,873 [  21314]   WARN - lij.diagnostic.IdeErrorsDialog - ea-engine.labs.intellij.net 
java.net.UnknownHostException: ea-engine.labs.intellij.net
	at java.net.AbstractPlainSocketImpl.connect(AbstractPlainSocketImpl.java:184)
	at java.net.SocksSocketImpl.connect(SocksSocketImpl.java:392)
	at java.net.Socket.connect(Socket.java:589)
	at sun.security.ssl.SSLSocketImpl.connect(SSLSocketImpl.java:673)
	at sun.net.NetworkClient.doConnect(NetworkClient.java:175)
	at sun.net.www.http.HttpClient.openServer(HttpClient.java:432)
	at sun.net.www.http.HttpClient.openServer(HttpClient.java:527)
	at sun.net.www.protocol.https.HttpsClient.<init>(HttpsClient.java:264)
	at sun.net.www.protocol.https.HttpsClient.New(HttpsClient.java:367)
	at sun.net.www.protocol.https.AbstractDelegateHttpsURLConnection.getNewHttpClient(AbstractDelegateHttpsURLConnection.java:191)
	at sun.net.www.protocol.http.HttpURLConnection.plainConnect0(HttpURLConnection.java:1181)
	at sun.net.www.protocol.http.HttpURLConnection.plainConnect(HttpURLConnection.java:1032)
	at sun.net.www.protocol.https.AbstractDelegateHttpsURLConnection.connect(AbstractDelegateHttpsURLConnection.java:177)
	at sun.net.www.protocol.http.HttpURLConnection.getInputStream0(HttpURLConnection.java:1546)
	at sun.net.www.protocol.http.HttpURLConnection.getInputStream(HttpURLConnection.java:1474)
	at java.net.HttpURLConnection.getResponseCode(HttpURLConnection.java:480)
	at sun.net.www.protocol.https.HttpsURLConnectionImpl.getResponseCode(HttpsURLConnectionImpl.java:338)
	at com.intellij.util.io.HttpRequests.openConnection(HttpRequests.java:609)
	at com.intellij.util.io.HttpRequests.access$300(HttpRequests.java:59)
	at com.intellij.util.io.HttpRequests$RequestImpl.getConnection(HttpRequests.java:378)
	at com.intellij.util.io.HttpRequests$RequestImpl.getInputStream(HttpRequests.java:387)
	at com.intellij.util.io.HttpRequests$RequestImpl.getReader(HttpRequests.java:405)
	at com.intellij.util.io.HttpRequests$RequestImpl.getReader(HttpRequests.java:398)
	at com.intellij.diagnostic.ITNProxy.lambda$fetchDevelopers$1(ITNProxy.java:105)
	at com.intellij.util.io.HttpRequests.doProcess(HttpRequests.java:523)
	at com.intellij.util.io.HttpRequests.process(HttpRequests.java:499)
	at com.intellij.util.io.HttpRequests.access$100(HttpRequests.java:59)
	at com.intellij.util.io.HttpRequests$RequestBuilderImpl.connect(HttpRequests.java:352)
	at com.intellij.diagnostic.ITNProxy.fetchDevelopers(ITNProxy.java:100)
	at com.intellij.diagnostic.IdeErrorsDialog$1.run(IdeErrorsDialog.java:132)
	at com.intellij.openapi.progress.impl.CoreProgressManager$TaskRunnable.run(CoreProgressManager.java:727)
	at com.intellij.openapi.progress.impl.CoreProgressManager.lambda$runProcess$2(CoreProgressManager.java:164)
	at com.intellij.openapi.progress.impl.CoreProgressManager.registerIndicatorAndRun(CoreProgressManager.java:582)
	at com.intellij.openapi.progress.impl.CoreProgressManager.executeProcessUnderProgress(CoreProgressManager.java:532)
	at com.intellij.openapi.progress.impl.ProgressManagerImpl.executeProcessUnderProgress(ProgressManagerImpl.java:87)
	at com.intellij.openapi.progress.impl.CoreProgressManager.runProcess(CoreProgressManager.java:151)
	at com.intellij.openapi.progress.impl.CoreProgressManager$4.run(CoreProgressManager.java:403)
	at com.intellij.openapi.application.impl.ApplicationImpl$1.run(ApplicationImpl.java:314)
	at java.util.concurrent.Executors$RunnableAdapter.call(Executors.java:511)
	at java.util.concurrent.FutureTask.run(FutureTask.java:266)
	at java.util.concurrent.ThreadPoolExecutor.runWorker(ThreadPoolExecutor.java:1142)
	at java.util.concurrent.ThreadPoolExecutor$Worker.run(ThreadPoolExecutor.java:617)
	at java.lang.Thread.run(Thread.java:745)
2019-01-06 22:53:50,757 [ 410198]   WARN - lij.diagnostic.IdeErrorsDialog - ea-engine.labs.intellij.net 
java.net.UnknownHostException: ea-engine.labs.intellij.net
	at java.net.AbstractPlainSocketImpl.connect(AbstractPlainSocketImpl.java:184)
	at java.net.SocksSocketImpl.connect(SocksSocketImpl.java:392)
	at java.net.Socket.connect(Socket.java:589)
	at sun.security.ssl.SSLSocketImpl.connect(SSLSocketImpl.java:673)
	at sun.net.NetworkClient.doConnect(NetworkClient.java:175)
	at sun.net.www.http.HttpClient.openServer(HttpClient.java:432)
	at sun.net.www.http.HttpClient.openServer(HttpClient.java:527)
	at sun.net.www.protocol.https.HttpsClient.<init>(HttpsClient.java:264)
	at sun.net.www.protocol.https.HttpsClient.New(HttpsClient.java:367)
	at sun.net.www.protocol.https.AbstractDelegateHttpsURLConnection.getNewHttpClient(AbstractDelegateHttpsURLConnection.java:191)
	at sun.net.www.protocol.http.HttpURLConnection.plainConnect0(HttpURLConnection.java:1181)
	at sun.net.www.protocol.http.HttpURLConnection.plainConnect(HttpURLConnection.java:1032)
	at sun.net.www.protocol.https.AbstractDelegateHttpsURLConnection.connect(AbstractDelegateHttpsURLConnection.java:177)
	at sun.net.www.protocol.http.HttpURLConnection.getInputStream0(HttpURLConnection.java:1546)
	at sun.net.www.protocol.http.HttpURLConnection.getInputStream(HttpURLConnection.java:1474)
	at java.net.HttpURLConnection.getResponseCode(HttpURLConnection.java:480)
	at sun.net.www.protocol.https.HttpsURLConnectionImpl.getResponseCode(HttpsURLConnectionImpl.java:338)
	at com.intellij.util.io.HttpRequests.openConnection(HttpRequests.java:609)
	at com.intellij.util.io.HttpRequests.access$300(HttpRequests.java:59)
	at com.intellij.util.io.HttpRequests$RequestImpl.getConnection(HttpRequests.java:378)
	at com.intellij.util.io.HttpRequests$RequestImpl.getInputStream(HttpRequests.java:387)
	at com.intellij.util.io.HttpRequests$RequestImpl.getReader(HttpRequests.java:405)
	at com.intellij.util.io.HttpRequests$RequestImpl.getReader(HttpRequests.java:398)
	at com.intellij.diagnostic.ITNProxy.lambda$fetchDevelopers$1(ITNProxy.java:105)
	at com.intellij.util.io.HttpRequests.doProcess(HttpRequests.java:523)
	at com.intellij.util.io.HttpRequests.process(HttpRequests.java:499)
	at com.intellij.util.io.HttpRequests.access$100(HttpRequests.java:59)
	at com.intellij.util.io.HttpRequests$RequestBuilderImpl.connect(HttpRequests.java:352)
	at com.intellij.diagnostic.ITNProxy.fetchDevelopers(ITNProxy.java:100)
	at com.intellij.diagnostic.IdeErrorsDialog$1.run(IdeErrorsDialog.java:132)
	at com.intellij.openapi.progress.impl.CoreProgressManager$TaskRunnable.run(CoreProgressManager.java:727)
	at com.intellij.openapi.progress.impl.CoreProgressManager.lambda$runProcess$2(CoreProgressManager.java:164)
	at com.intellij.openapi.progress.impl.CoreProgressManager.registerIndicatorAndRun(CoreProgressManager.java:582)
	at com.intellij.openapi.progress.impl.CoreProgressManager.executeProcessUnderProgress(CoreProgressManager.java:532)
	at com.intellij.openapi.progress.impl.ProgressManagerImpl.executeProcessUnderProgress(ProgressManagerImpl.java:87)
	at com.intellij.openapi.progress.impl.CoreProgressManager.runProcess(CoreProgressManager.java:151)
	at com.intellij.openapi.progress.impl.CoreProgressManager$4.run(CoreProgressManager.java:403)
	at com.intellij.openapi.application.impl.ApplicationImpl$1.run(ApplicationImpl.java:314)
	at java.util.concurrent.Executors$RunnableAdapter.call(Executors.java:511)
	at java.util.concurrent.FutureTask.run(FutureTask.java:266)
	at java.util.concurrent.ThreadPoolExecutor.runWorker(ThreadPoolExecutor.java:1142)
	at java.util.concurrent.ThreadPoolExecutor$Worker.run(ThreadPoolExecutor.java:617)
	at java.lang.Thread.run(Thread.java:745)
2019-01-06 22:53:58,048 [ 417489]   INFO - ution.rmi.RemoteProcessSupport - Terminating: 44914/Maven3ServerImplcdc440ef 
2019-01-06 22:53:58,336 [ 417777]   INFO - stubs.SerializationManagerImpl - START StubSerializationManager SHUTDOWN 
2019-01-06 22:53:58,336 [ 417777]   INFO - stubs.SerializationManagerImpl - END StubSerializationManager SHUTDOWN 
2019-01-06 22:53:58,336 [ 417777]   INFO - il.indexing.FileBasedIndexImpl - START INDEX SHUTDOWN 
2019-01-06 22:53:58,351 [ 417792]   INFO - il.indexing.FileBasedIndexImpl - END INDEX SHUTDOWN 
2019-01-06 22:53:58,352 [ 417793]   INFO - org.jetbrains.io.BuiltInServer - web server stopped 
2019-01-06 22:53:58,360 [ 417801]   INFO - Types.impl.FileTypeManagerImpl - FileTypeManager: 1 auto-detected files
Elapsed time on auto-detect: 23 ms 
2019-01-06 22:53:58,381 [ 417822]   INFO - pl.local.NativeFileWatcherImpl - Watcher terminated with exit code 0 
2019-01-06 22:53:58,384 [ 417825]   INFO - newvfs.persistent.PersistentFS - VFS dispose started 
2019-01-06 22:53:58,387 [ 417828]   INFO - newvfs.persistent.PersistentFS - VFS dispose completed 
2019-01-06 22:53:58,388 [ 417829]   INFO - plication.impl.ApplicationImpl - Write action Statistics:
Event number:     20
Total time spent: 615ms
Average duration: 30ms
Median  duration: 8ms
Max     duration: 220ms (it was 'write action (class com.intellij.configurationStore.FileBasedStorageKt$doWrite$$inlined$runUndoTransparentWriteAction$1$1)') 
2019-01-06 22:53:58,390 [ 417831]   INFO - plication.impl.ApplicationImpl - AnAction.update() Statistics:
Event number:     3344
Total time spent: 207ms
Average duration: 0ms
Median  duration: 0ms
Max     duration: 65ms (it was 'Show History action update (class com.intellij.openapi.vcs.actions.TabbedShowHistoryAction)') 
2019-01-06 22:53:58,390 [ 417831]   INFO - plication.impl.ApplicationImpl - Global instance threads created counter = 19; ProcessIOExecutorService threads: 9 
2019-01-06 22:53:58,391 [ 417832]   INFO -        #com.intellij.idea.Main - ------------------------------------------------------ IDE SHUTDOWN ------------------------------------------------------ 
2019-01-06 22:53:58,394 [ 417835]   INFO - org.jetbrains.io.BuiltInServer - web server stopped 
